[INFO][2017-09-25 10:45:36][org.springframework.web.servlet.DispatcherServlet]:479 - FrameworkServlet 'SpringMVC': initialization started
[INFO][2017-09-25 10:45:36][org.springframework.web.context.support.XmlWebApplicationContext]:513 - Refreshing WebApplicationContext for namespace 'SpringMVC-servlet': startup date [Mon Sep 25 10:45:36 CST 2017]; parent: Root WebApplicationContext
[INFO][2017-09-25 10:45:36][org.springframework.beans.factory.xml.XmlBeanDefinitionReader]:316 - Loading XML bean definitions from class path resource [spring-mvc.xml]
[INFO][2017-09-25 10:45:38][org.springframework.web.servlet.mvc.method.annotation.RequestMappingHandlerMapping]:182 - Mapped "{[/receiveFile],methods=[],params=[],headers=[],consumes=[],produces=[],custom=[]}" onto public void org.ozen.core.file.FileController.receiveFile(org.springframework.web.multipart.MultipartHttpServletRequest,javax.servlet.http.HttpServletRequest,javax.servlet.http.HttpServletResponse)
[INFO][2017-09-25 10:45:38][org.springframework.web.servlet.mvc.method.annotation.RequestMappingHandlerMapping]:182 - Mapped "{[/about],methods=[],params=[],headers=[],consumes=[],produces=[],custom=[]}" onto public org.springframework.web.servlet.ModelAndView org.ozen.front.controller.AboutController.index(org.springframework.ui.Model)
[INFO][2017-09-25 10:45:38][org.springframework.web.servlet.mvc.method.annotation.RequestMappingHandlerMapping]:182 - Mapped "{[/login],methods=[POST],params=[],headers=[],consumes=[],produces=[],custom=[]}" onto public org.ozen.front.entity.TbUser org.ozen.front.controller.FrontLoginController.login(org.ozen.front.entity.TbUser,javax.servlet.http.HttpSession)
[INFO][2017-09-25 10:45:38][org.springframework.web.servlet.mvc.method.annotation.RequestMappingHandlerMapping]:182 - Mapped "{[/add],methods=[POST],params=[],headers=[],consumes=[],produces=[],custom=[]}" onto public void org.ozen.front.controller.FrontLoginController.login(org.ozen.front.entity.TbUser)
[INFO][2017-09-25 10:45:38][org.springframework.web.servlet.mvc.method.annotation.RequestMappingHandlerMapping]:182 - Mapped "{[/logout],methods=[],params=[],headers=[],consumes=[],produces=[],custom=[]}" onto public java.lang.String org.ozen.front.controller.FrontLoginController.logout(javax.servlet.http.HttpServletRequest)
[INFO][2017-09-25 10:45:38][org.springframework.web.servlet.mvc.method.annotation.RequestMappingHandlerMapping]:182 - Mapped "{[/index],methods=[],params=[],headers=[],consumes=[],produces=[],custom=[]}" onto public org.springframework.web.servlet.ModelAndView org.ozen.front.controller.IndexController.index(org.springframework.ui.Model,javax.servlet.http.HttpServletRequest)
[INFO][2017-09-25 10:45:38][org.springframework.web.servlet.mvc.method.annotation.RequestMappingHandlerMapping]:182 - Mapped "{[/mood],methods=[],params=[],headers=[],consumes=[],produces=[],custom=[]}" onto public org.springframework.web.servlet.ModelAndView org.ozen.front.controller.MoodController.moodList(org.springframework.ui.Model,javax.servlet.http.HttpServletRequest)
[INFO][2017-09-25 10:45:38][org.springframework.web.servlet.mvc.method.annotation.RequestMappingHandlerMapping]:182 - Mapped "{[/bill/add],methods=[POST],params=[],headers=[],consumes=[],produces=[],custom=[]}" onto public java.util.Map<java.lang.String, java.lang.Object> org.ozen.front.controller.BaseController.add(org.ozen.front.entity.TbUser,java.util.Map<java.lang.String, java.lang.Object>)
[INFO][2017-09-25 10:45:38][org.springframework.web.servlet.handler.SimpleUrlHandlerMapping]:315 - Mapped URL path [/**] onto handler 'org.springframework.web.servlet.resource.DefaultServletHttpRequestHandler#0'
[INFO][2017-09-25 10:45:38][org.springframework.web.servlet.handler.SimpleUrlHandlerMapping]:315 - Mapped URL path [/resources/**] onto handler 'org.springframework.web.servlet.resource.ResourceHttpRequestHandler#0'
[INFO][2017-09-25 10:45:38][org.springframework.web.servlet.handler.SimpleUrlHandlerMapping]:315 - Mapped URL path [/assets/**] onto handler 'org.springframework.web.servlet.resource.ResourceHttpRequestHandler#1'
[INFO][2017-09-25 10:45:38][org.springframework.web.servlet.handler.SimpleUrlHandlerMapping]:315 - Mapped URL path [/pages/**] onto handler 'org.springframework.web.servlet.resource.ResourceHttpRequestHandler#2'
[INFO][2017-09-25 10:45:39][org.springframework.web.servlet.DispatcherServlet]:498 - FrameworkServlet 'SpringMVC': initialization completed in 2249 ms
[INFO][2017-09-25 10:46:09][org.ozen.core.listener.Listener]:55 - IP板涓猴0:0:0:0:0:0:0:1璇锋/ozen/pages/login.jsp
[INFO][2017-09-25 10:46:09][org.ozen.core.listener.Listener]:24 - 板缓sessionID涓猴2F5D4A41E4465BE37E8578D2BA387F27
[INFO][2017-09-25 10:46:09][org.ozen.core.listener.Listener]:61 - 0:0:0:0:0:0:0:1璇锋缁锛?讹?507姣绉
[INFO][2017-09-25 10:46:09][org.ozen.core.listener.Listener]:55 - IP板涓猴0:0:0:0:0:0:0:1璇锋/ozen/resources/bootstrap/css/bootstrap.min.css
[INFO][2017-09-25 10:46:09][org.ozen.core.listener.Listener]:55 - IP板涓猴0:0:0:0:0:0:0:1璇锋/ozen/resources/css/login.css
[INFO][2017-09-25 10:46:09][org.ozen.core.listener.Listener]:55 - IP板涓猴0:0:0:0:0:0:0:1璇锋/ozen/resources/css/base.css
[INFO][2017-09-25 10:46:09][org.ozen.core.listener.Listener]:55 - IP板涓猴0:0:0:0:0:0:0:1璇锋/ozen/resources/bootstrap/css/bootstrap.css
[INFO][2017-09-25 10:46:09][org.ozen.core.listener.Listener]:55 - IP板涓猴0:0:0:0:0:0:0:1璇锋/ozen/resources/js/jquery.1.11.3.min.js
[INFO][2017-09-25 10:46:09][org.ozen.core.listener.Listener]:61 - 0:0:0:0:0:0:0:1璇锋缁锛?讹?88姣绉
[INFO][2017-09-25 10:46:09][org.ozen.core.listener.Listener]:61 - 0:0:0:0:0:0:0:1璇锋缁锛?讹?51姣绉
[INFO][2017-09-25 10:46:09][org.ozen.core.listener.Listener]:61 - 0:0:0:0:0:0:0:1璇锋缁锛?讹?60姣绉
[INFO][2017-09-25 10:46:09][org.ozen.core.listener.Listener]:61 - 0:0:0:0:0:0:0:1璇锋缁锛?讹?71姣绉
[INFO][2017-09-25 10:46:09][org.ozen.core.listener.Listener]:61 - 0:0:0:0:0:0:0:1璇锋缁锛?讹?71姣绉
[INFO][2017-09-25 10:46:10][org.ozen.core.listener.Listener]:55 - IP板涓猴0:0:0:0:0:0:0:1璇锋/ozen/resources/images/ozen-logo.png
[INFO][2017-09-25 10:46:10][org.ozen.core.listener.Listener]:61 - 0:0:0:0:0:0:0:1璇锋缁锛?讹?5姣绉
[INFO][2017-09-25 10:46:10][org.ozen.core.listener.Listener]:55 - IP板涓猴0:0:0:0:0:0:0:1璇锋/ozen/resources/css/images/backtop.png
[INFO][2017-09-25 10:46:10][org.ozen.core.listener.Listener]:61 - 0:0:0:0:0:0:0:1璇锋缁锛?讹?69姣绉
[INFO][2017-09-25 10:46:10][org.ozen.core.listener.Listener]:55 - IP板涓猴0:0:0:0:0:0:0:1璇锋/ozen/pages/dateTime.html
[INFO][2017-09-25 10:46:10][org.ozen.core.listener.Listener]:61 - 0:0:0:0:0:0:0:1璇锋缁锛?讹?8姣绉
[INFO][2017-09-25 10:46:12][org.ozen.core.listener.Listener]:55 - IP板涓猴0:0:0:0:0:0:0:1璇锋/ozen/login
[INFO][2017-09-25 10:46:13][org.ozen.core.listener.Listener]:61 - 0:0:0:0:0:0:0:1璇锋缁锛?讹?1101姣绉
[INFO][2017-09-25 10:46:13][org.ozen.core.listener.Listener]:55 - IP板涓猴0:0:0:0:0:0:0:1璇锋/ozen/pages/index.jsp
[INFO][2017-09-25 10:46:16][org.ozen.core.listener.Listener]:61 - 0:0:0:0:0:0:0:1璇锋缁锛?讹?2935姣绉
[INFO][2017-09-25 10:46:16][org.ozen.core.listener.Listener]:55 - IP板涓猴0:0:0:0:0:0:0:1璇锋/ozen/resources/css/index.css
[INFO][2017-09-25 10:46:16][org.ozen.core.listener.Listener]:61 - 0:0:0:0:0:0:0:1璇锋缁锛?讹?5姣绉
[INFO][2017-09-25 10:46:16][org.ozen.core.listener.Listener]:55 - IP板涓猴0:0:0:0:0:0:0:1璇锋/ozen/resources/images/banner_top.jpg
[INFO][2017-09-25 10:46:16][org.ozen.core.listener.Listener]:61 - 0:0:0:0:0:0:0:1璇锋缁锛?讹?18姣绉
[INFO][2017-09-25 10:46:16][org.ozen.core.listener.Listener]:55 - IP板涓猴0:0:0:0:0:0:0:1璇锋/ozen/resources/images/r_title_bg.jpg
[INFO][2017-09-25 10:46:16][org.ozen.core.listener.Listener]:55 - IP板涓猴0:0:0:0:0:0:0:1璇锋/ozen/resources/images/r_line.jpg
[INFO][2017-09-25 10:46:16][org.ozen.core.listener.Listener]:55 - IP板涓猴0:0:0:0:0:0:0:1璇锋/ozen/resources/images/photos.jpg
[INFO][2017-09-25 10:46:16][org.ozen.core.listener.Listener]:61 - 0:0:0:0:0:0:0:1璇锋缁锛?讹?5姣绉
[INFO][2017-09-25 10:46:16][org.ozen.core.listener.Listener]:61 - 0:0:0:0:0:0:0:1璇锋缁锛?讹?5姣绉
[INFO][2017-09-25 10:46:16][org.ozen.core.listener.Listener]:61 - 0:0:0:0:0:0:0:1璇锋缁锛?讹?22姣绉
[INFO][2017-09-25 10:46:16][org.ozen.core.listener.Listener]:55 - IP板涓猴0:0:0:0:0:0:0:1璇锋/ozen/resources/images/h_line.jpg
[INFO][2017-09-25 10:46:16][org.ozen.core.listener.Listener]:55 - IP板涓猴0:0:0:0:0:0:0:1璇锋/ozen/resources/images/li.jpg
[INFO][2017-09-25 10:46:16][org.ozen.core.listener.Listener]:55 - IP板涓猴0:0:0:0:0:0:0:1璇锋/ozen/resources/images/weather_bg.jpg
[INFO][2017-09-25 10:46:16][org.ozen.core.listener.Listener]:61 - 0:0:0:0:0:0:0:1璇锋缁锛?讹?9姣绉
[INFO][2017-09-25 10:46:16][org.ozen.core.listener.Listener]:61 - 0:0:0:0:0:0:0:1璇锋缁锛?讹?11姣绉
[INFO][2017-09-25 10:46:16][org.ozen.core.listener.Listener]:55 - IP板涓猴0:0:0:0:0:0:0:1璇锋/ozen/resources/css/images/backtop.png
[INFO][2017-09-25 10:46:16][org.ozen.core.listener.Listener]:61 - 0:0:0:0:0:0:0:1璇锋缁锛?讹?21姣绉
[INFO][2017-09-25 10:46:16][org.ozen.core.listener.Listener]:55 - IP板涓猴0:0:0:0:0:0:0:1璇锋/ozen/resources/images/weixin.jpg
[INFO][2017-09-25 10:46:16][org.ozen.core.listener.Listener]:61 - 0:0:0:0:0:0:0:1璇锋缁锛?讹?10姣绉
[INFO][2017-09-25 10:46:16][org.ozen.core.listener.Listener]:55 - IP板涓猴0:0:0:0:0:0:0:1璇锋/ozen/resources/images/ph.jpg
[INFO][2017-09-25 10:46:16][org.ozen.core.listener.Listener]:61 - 0:0:0:0:0:0:0:1璇锋缁锛?讹?5姣绉
[INFO][2017-09-25 10:46:16][org.ozen.core.listener.Listener]:61 - 0:0:0:0:0:0:0:1璇锋缁锛?讹?30姣绉
[INFO][2017-09-25 10:46:17][org.ozen.core.listener.Listener]:55 - IP板涓猴0:0:0:0:0:0:0:1璇锋/ozen/about
[INFO][2017-09-25 10:46:18][org.ozen.core.listener.Listener]:61 - 0:0:0:0:0:0:0:1璇锋缁锛?讹?389姣绉
[INFO][2017-09-25 10:46:18][org.ozen.core.listener.Listener]:55 - IP板涓猴0:0:0:0:0:0:0:1璇锋/ozen/resources/css/about.css
[INFO][2017-09-25 10:46:18][org.ozen.core.listener.Listener]:55 - IP板涓猴0:0:0:0:0:0:0:1璇锋/ozen/resources/js/external.js
[INFO][2017-09-25 10:46:18][org.ozen.core.listener.Listener]:61 - 0:0:0:0:0:0:0:1璇锋缁锛?讹?4姣绉
[INFO][2017-09-25 10:46:18][org.ozen.core.listener.Listener]:61 - 0:0:0:0:0:0:0:1璇锋缁锛?讹?4姣绉
[INFO][2017-09-25 10:46:18][org.ozen.core.listener.Listener]:55 - IP板涓猴0:0:0:0:0:0:0:1璇锋/ozen/resources/css/images/backtop.png
[INFO][2017-09-25 10:46:18][org.ozen.core.listener.Listener]:61 - 0:0:0:0:0:0:0:1璇锋缁锛?讹?3姣绉
[INFO][2017-09-25 10:46:18][org.ozen.core.listener.Listener]:55 - IP板涓猴0:0:0:0:0:0:0:1璇锋/ozen/resources/images/aboutphoto.jpg
[INFO][2017-09-25 10:46:18][org.ozen.core.listener.Listener]:55 - IP板涓猴0:0:0:0:0:0:0:1璇锋/ozen/resources/bootstrap/fonts/glyphicons-halflings-regular.woff
[INFO][2017-09-25 10:46:18][org.ozen.core.listener.Listener]:61 - 0:0:0:0:0:0:0:1璇锋缁锛?讹?15姣绉
[INFO][2017-09-25 10:46:18][org.ozen.core.listener.Listener]:61 - 0:0:0:0:0:0:0:1璇锋缁锛?讹?30姣绉
[INFO][2017-09-25 10:46:26][org.ozen.core.listener.Listener]:55 - IP板涓猴0:0:0:0:0:0:0:1璇锋/ozen/about?textinput=2017-09-07&textinput=321&radios=1&textarea=321&button1id=
[INFO][2017-09-25 10:46:26][org.ozen.core.listener.Listener]:61 - 0:0:0:0:0:0:0:1璇锋缁锛?讹?6姣绉
[INFO][2017-09-25 10:46:26][org.ozen.core.listener.Listener]:55 - IP板涓猴0:0:0:0:0:0:0:1璇锋/ozen/resources/css/images/backtop.png
[INFO][2017-09-25 10:46:26][org.ozen.core.listener.Listener]:61 - 0:0:0:0:0:0:0:1璇锋缁锛?讹?3姣绉
[INFO][2017-09-25 10:48:23][org.ozen.core.listener.Listener]:55 - IP地址为：0:0:0:0:0:0:0:1请求/ozen/about?textinput=2017-09-07&textinput=3213&radios=2&textarea=321&button1id=
[INFO][2017-09-25 10:48:23][org.springframework.web.servlet.mvc.method.annotation.RequestMappingHandlerMapping]:182 - Mapped "{[/receiveFile],methods=[],params=[],headers=[],consumes=[],produces=[],custom=[]}" onto public void org.ozen.core.file.FileController.receiveFile(org.springframework.web.multipart.MultipartHttpServletRequest,javax.servlet.http.HttpServletRequest,javax.servlet.http.HttpServletResponse)
[INFO][2017-09-25 10:48:23][org.springframework.web.servlet.mvc.method.annotation.RequestMappingHandlerMapping]:182 - Mapped "{[/about],methods=[],params=[],headers=[],consumes=[],produces=[],custom=[]}" onto public org.springframework.web.servlet.ModelAndView org.ozen.front.controller.AboutController.index(org.springframework.ui.Model)
[INFO][2017-09-25 10:48:23][org.springframework.web.servlet.mvc.method.annotation.RequestMappingHandlerMapping]:182 - Mapped "{[/login],methods=[POST],params=[],headers=[],consumes=[],produces=[],custom=[]}" onto public org.ozen.front.entity.TbUser org.ozen.front.controller.FrontLoginController.login(org.ozen.front.entity.TbUser,javax.servlet.http.HttpSession)
[INFO][2017-09-25 10:48:23][org.springframework.web.servlet.mvc.method.annotation.RequestMappingHandlerMapping]:182 - Mapped "{[/add],methods=[POST],params=[],headers=[],consumes=[],produces=[],custom=[]}" onto public void org.ozen.front.controller.FrontLoginController.login(org.ozen.front.entity.TbUser)
[INFO][2017-09-25 10:48:23][org.springframework.web.servlet.mvc.method.annotation.RequestMappingHandlerMapping]:182 - Mapped "{[/logout],methods=[],params=[],headers=[],consumes=[],produces=[],custom=[]}" onto public java.lang.String org.ozen.front.controller.FrontLoginController.logout(javax.servlet.http.HttpServletRequest)
[INFO][2017-09-25 10:48:23][org.springframework.web.servlet.mvc.method.annotation.RequestMappingHandlerMapping]:182 - Mapped "{[/index],methods=[],params=[],headers=[],consumes=[],produces=[],custom=[]}" onto public org.springframework.web.servlet.ModelAndView org.ozen.front.controller.IndexController.index(org.springframework.ui.Model,javax.servlet.http.HttpServletRequest)
[INFO][2017-09-25 10:48:23][org.springframework.web.servlet.mvc.method.annotation.RequestMappingHandlerMapping]:182 - Mapped "{[/mood],methods=[],params=[],headers=[],consumes=[],produces=[],custom=[]}" onto public org.springframework.web.servlet.ModelAndView org.ozen.front.controller.MoodController.moodList(org.springframework.ui.Model,javax.servlet.http.HttpServletRequest)
[INFO][2017-09-25 10:48:23][org.springframework.web.servlet.mvc.method.annotation.RequestMappingHandlerMapping]:182 - Mapped "{[/bill/add],methods=[POST],params=[],headers=[],consumes=[],produces=[],custom=[]}" onto public java.util.Map<java.lang.String, java.lang.Object> org.ozen.front.controller.BaseController.add(org.ozen.front.entity.TbUser,java.util.Map<java.lang.String, java.lang.Object>)
[INFO][2017-09-25 10:48:24][org.ozen.core.listener.Listener]:61 - 0:0:0:0:0:0:0:1请求结束，耗时：122毫秒
[INFO][2017-09-25 10:48:24][org.ozen.core.listener.Listener]:55 - IP地址为：0:0:0:0:0:0:0:1请求/ozen/resources/css/images/backtop.png
[INFO][2017-09-25 10:48:24][org.springframework.web.servlet.handler.SimpleUrlHandlerMapping]:315 - Mapped URL path [/resources/**] onto handler 'org.springframework.web.servlet.resource.ResourceHttpRequestHandler#0'
[INFO][2017-09-25 10:48:24][org.ozen.core.listener.Listener]:61 - 0:0:0:0:0:0:0:1请求结束，耗时：73毫秒
[INFO][2017-09-25 10:49:58][org.ozen.core.listener.Listener]:55 - IP地址为：0:0:0:0:0:0:0:1请求/ozen/about?textinput=2017-09-15&textinput=31231&radios=1&textarea=312313&button1id=
[INFO][2017-09-25 10:49:58][org.ozen.core.listener.Listener]:61 - 0:0:0:0:0:0:0:1请求结束，耗时：8毫秒
[INFO][2017-09-25 10:49:58][org.ozen.core.listener.Listener]:55 - IP地址为：0:0:0:0:0:0:0:1请求/ozen/resources/css/images/backtop.png
[INFO][2017-09-25 10:49:58][org.ozen.core.listener.Listener]:61 - 0:0:0:0:0:0:0:1请求结束，耗时：10毫秒
[INFO][2017-09-25 10:55:59][org.ozen.core.listener.Listener]:55 - IP地址为：0:0:0:0:0:0:0:1请求/ozen/about?textinput=2017-09-15&textinput=31231&radios=1&textarea=312313&button1id=
[INFO][2017-09-25 10:55:59][org.ozen.core.listener.Listener]:61 - 0:0:0:0:0:0:0:1请求结束，耗时：6毫秒
[INFO][2017-09-25 10:55:59][org.ozen.core.listener.Listener]:55 - IP地址为：0:0:0:0:0:0:0:1请求/ozen/resources/css/images/backtop.png
[INFO][2017-09-25 10:55:59][org.ozen.core.listener.Listener]:61 - 0:0:0:0:0:0:0:1请求结束，耗时：13毫秒
[INFO][2017-09-25 10:55:59][org.ozen.core.listener.Listener]:55 - IP地址为：0:0:0:0:0:0:0:1请求/ozen/resources/images/o.ico
[INFO][2017-09-25 10:55:59][org.ozen.core.listener.Listener]:61 - 0:0:0:0:0:0:0:1请求结束，耗时：10毫秒
[INFO][2017-09-25 10:56:20][org.ozen.core.listener.Listener]:55 - IP地址为：0:0:0:0:0:0:0:1请求/ozen/about?textinput=2017-09-14&textinput=123456&radios=1&textarea=123456&button1id=
[INFO][2017-09-25 10:56:20][org.ozen.core.listener.Listener]:61 - 0:0:0:0:0:0:0:1请求结束，耗时：20毫秒
[INFO][2017-09-25 10:56:20][org.ozen.core.listener.Listener]:55 - IP地址为：0:0:0:0:0:0:0:1请求/ozen/resources/css/images/backtop.png
[INFO][2017-09-25 10:56:20][org.ozen.core.listener.Listener]:61 - 0:0:0:0:0:0:0:1请求结束，耗时：8毫秒
[INFO][2017-09-25 10:57:22][org.ozen.core.listener.Listener]:55 - IP地址为：0:0:0:0:0:0:0:1请求/ozen/about?textinput=2017-09-14&textinput=123456&radios=1&textarea=123456&button1id=
[INFO][2017-09-25 10:57:22][org.ozen.core.listener.Listener]:61 - 0:0:0:0:0:0:0:1请求结束，耗时：9毫秒
[INFO][2017-09-25 10:57:22][org.ozen.core.listener.Listener]:55 - IP地址为：0:0:0:0:0:0:0:1请求/ozen/resources/css/images/backtop.png
[INFO][2017-09-25 10:57:22][org.ozen.core.listener.Listener]:61 - 0:0:0:0:0:0:0:1请求结束，耗时：4毫秒
[INFO][2017-09-25 10:57:22][org.ozen.core.listener.Listener]:55 - IP地址为：0:0:0:0:0:0:0:1请求/ozen/resources/images/o.ico
[INFO][2017-09-25 10:57:22][org.ozen.core.listener.Listener]:61 - 0:0:0:0:0:0:0:1请求结束，耗时：3毫秒
[INFO][2017-09-25 10:57:38][org.ozen.core.listener.Listener]:55 - IP地址为：0:0:0:0:0:0:0:1请求/ozen/about?textinput=2017-09-14&textinput=654321&radios=1&textarea=123456&button1id=
[INFO][2017-09-25 10:57:38][org.ozen.core.listener.Listener]:61 - 0:0:0:0:0:0:0:1请求结束，耗时：26毫秒
[INFO][2017-09-25 10:57:38][org.ozen.core.listener.Listener]:55 - IP地址为：0:0:0:0:0:0:0:1请求/ozen/resources/css/images/backtop.png
[INFO][2017-09-25 10:57:38][org.ozen.core.listener.Listener]:61 - 0:0:0:0:0:0:0:1请求结束，耗时：3毫秒
[INFO][2017-09-25 10:59:01][org.springframework.web.servlet.DispatcherServlet]:479 - FrameworkServlet 'SpringMVC': initialization started
[INFO][2017-09-25 10:59:01][org.springframework.web.context.support.XmlWebApplicationContext]:513 - Refreshing WebApplicationContext for namespace 'SpringMVC-servlet': startup date [Mon Sep 25 10:59:01 CST 2017]; parent: Root WebApplicationContext
[INFO][2017-09-25 10:59:01][org.springframework.beans.factory.xml.XmlBeanDefinitionReader]:316 - Loading XML bean definitions from class path resource [spring-mvc.xml]
[INFO][2017-09-25 10:59:02][org.springframework.web.servlet.mvc.method.annotation.RequestMappingHandlerMapping]:182 - Mapped "{[/receiveFile],methods=[],params=[],headers=[],consumes=[],produces=[],custom=[]}" onto public void org.ozen.core.file.FileController.receiveFile(org.springframework.web.multipart.MultipartHttpServletRequest,javax.servlet.http.HttpServletRequest,javax.servlet.http.HttpServletResponse)
[INFO][2017-09-25 10:59:02][org.springframework.web.servlet.mvc.method.annotation.RequestMappingHandlerMapping]:182 - Mapped "{[/about],methods=[],params=[],headers=[],consumes=[],produces=[],custom=[]}" onto public org.springframework.web.servlet.ModelAndView org.ozen.front.controller.AboutController.index(org.springframework.ui.Model)
[INFO][2017-09-25 10:59:02][org.springframework.web.servlet.mvc.method.annotation.RequestMappingHandlerMapping]:182 - Mapped "{[/login],methods=[POST],params=[],headers=[],consumes=[],produces=[],custom=[]}" onto public org.ozen.front.entity.TbUser org.ozen.front.controller.FrontLoginController.login(org.ozen.front.entity.TbUser,javax.servlet.http.HttpSession)
[INFO][2017-09-25 10:59:02][org.springframework.web.servlet.mvc.method.annotation.RequestMappingHandlerMapping]:182 - Mapped "{[/add],methods=[POST],params=[],headers=[],consumes=[],produces=[],custom=[]}" onto public void org.ozen.front.controller.FrontLoginController.login(org.ozen.front.entity.TbUser)
[INFO][2017-09-25 10:59:02][org.springframework.web.servlet.mvc.method.annotation.RequestMappingHandlerMapping]:182 - Mapped "{[/logout],methods=[],params=[],headers=[],consumes=[],produces=[],custom=[]}" onto public java.lang.String org.ozen.front.controller.FrontLoginController.logout(javax.servlet.http.HttpServletRequest)
[INFO][2017-09-25 10:59:02][org.springframework.web.servlet.mvc.method.annotation.RequestMappingHandlerMapping]:182 - Mapped "{[/index],methods=[],params=[],headers=[],consumes=[],produces=[],custom=[]}" onto public org.springframework.web.servlet.ModelAndView org.ozen.front.controller.IndexController.index(org.springframework.ui.Model,javax.servlet.http.HttpServletRequest)
[INFO][2017-09-25 10:59:02][org.springframework.web.servlet.mvc.method.annotation.RequestMappingHandlerMapping]:182 - Mapped "{[/mood],methods=[],params=[],headers=[],consumes=[],produces=[],custom=[]}" onto public org.springframework.web.servlet.ModelAndView org.ozen.front.controller.MoodController.moodList(org.springframework.ui.Model,javax.servlet.http.HttpServletRequest)
[INFO][2017-09-25 10:59:02][org.springframework.web.servlet.mvc.method.annotation.RequestMappingHandlerMapping]:182 - Mapped "{[/bill/add],methods=[POST],params=[],headers=[],consumes=[],produces=[],custom=[]}" onto public java.util.Map<java.lang.String, java.lang.Object> org.ozen.front.controller.BaseController.add(org.ozen.front.entity.TbUser,java.util.Map<java.lang.String, java.lang.Object>)
[INFO][2017-09-25 10:59:03][org.springframework.web.servlet.handler.SimpleUrlHandlerMapping]:315 - Mapped URL path [/**] onto handler 'org.springframework.web.servlet.resource.DefaultServletHttpRequestHandler#0'
[INFO][2017-09-25 10:59:03][org.springframework.web.servlet.handler.SimpleUrlHandlerMapping]:315 - Mapped URL path [/resources/**] onto handler 'org.springframework.web.servlet.resource.ResourceHttpRequestHandler#0'
[INFO][2017-09-25 10:59:03][org.springframework.web.servlet.handler.SimpleUrlHandlerMapping]:315 - Mapped URL path [/assets/**] onto handler 'org.springframework.web.servlet.resource.ResourceHttpRequestHandler#1'
[INFO][2017-09-25 10:59:03][org.springframework.web.servlet.handler.SimpleUrlHandlerMapping]:315 - Mapped URL path [/pages/**] onto handler 'org.springframework.web.servlet.resource.ResourceHttpRequestHandler#2'
[INFO][2017-09-25 10:59:03][org.springframework.web.servlet.DispatcherServlet]:498 - FrameworkServlet 'SpringMVC': initialization completed in 2209 ms
[INFO][2017-09-25 10:59:11][org.ozen.core.listener.Listener]:55 - IP地址为：0:0:0:0:0:0:0:1请求/ozen/
[INFO][2017-09-25 10:59:12][org.ozen.core.listener.Listener]:61 - 0:0:0:0:0:0:0:1请求结束，耗时：309毫秒
[INFO][2017-09-25 10:59:12][org.ozen.core.listener.Listener]:55 - IP地址为：0:0:0:0:0:0:0:1请求/ozen/pages/login.jsp
[INFO][2017-09-25 10:59:12][org.ozen.core.listener.Listener]:24 - 新建的session的ID为：3717C6FDF37AC530F9069775398A7F2C
[INFO][2017-09-25 10:59:12][org.ozen.core.listener.Listener]:61 - 0:0:0:0:0:0:0:1请求结束，耗时：315毫秒
[INFO][2017-09-25 10:59:12][org.ozen.core.listener.Listener]:55 - IP地址为：0:0:0:0:0:0:0:1请求/ozen/resources/bootstrap/css/bootstrap.css
[INFO][2017-09-25 10:59:12][org.ozen.core.listener.Listener]:55 - IP地址为：0:0:0:0:0:0:0:1请求/ozen/resources/bootstrap/css/bootstrap.min.css
[INFO][2017-09-25 10:59:12][org.ozen.core.listener.Listener]:55 - IP地址为：0:0:0:0:0:0:0:1请求/ozen/resources/css/login.css
[INFO][2017-09-25 10:59:12][org.ozen.core.listener.Listener]:55 - IP地址为：0:0:0:0:0:0:0:1请求/ozen/resources/css/base.css
[INFO][2017-09-25 10:59:12][org.ozen.core.listener.Listener]:55 - IP地址为：0:0:0:0:0:0:0:1请求/ozen/resources/js/jquery.1.11.3.min.js
[INFO][2017-09-25 10:59:12][org.ozen.core.listener.Listener]:61 - 0:0:0:0:0:0:0:1请求结束，耗时：79毫秒
[INFO][2017-09-25 10:59:12][org.ozen.core.listener.Listener]:61 - 0:0:0:0:0:0:0:1请求结束，耗时：64毫秒
[INFO][2017-09-25 10:59:12][org.ozen.core.listener.Listener]:61 - 0:0:0:0:0:0:0:1请求结束，耗时：70毫秒
[INFO][2017-09-25 10:59:12][org.ozen.core.listener.Listener]:61 - 0:0:0:0:0:0:0:1请求结束，耗时：98毫秒
[INFO][2017-09-25 10:59:12][org.ozen.core.listener.Listener]:61 - 0:0:0:0:0:0:0:1请求结束，耗时：112毫秒
[INFO][2017-09-25 10:59:12][org.ozen.core.listener.Listener]:55 - IP地址为：0:0:0:0:0:0:0:1请求/ozen/resources/images/ozen-logo.png
[INFO][2017-09-25 10:59:12][org.ozen.core.listener.Listener]:61 - 0:0:0:0:0:0:0:1请求结束，耗时：5毫秒
[INFO][2017-09-25 10:59:12][org.ozen.core.listener.Listener]:55 - IP地址为：0:0:0:0:0:0:0:1请求/ozen/resources/css/images/backtop.png
[INFO][2017-09-25 10:59:12][org.ozen.core.listener.Listener]:55 - IP地址为：0:0:0:0:0:0:0:1请求/ozen/pages/dateTime.html
[INFO][2017-09-25 10:59:12][org.ozen.core.listener.Listener]:61 - 0:0:0:0:0:0:0:1请求结束，耗时：104毫秒
[INFO][2017-09-25 10:59:12][org.ozen.core.listener.Listener]:61 - 0:0:0:0:0:0:0:1请求结束，耗时：52毫秒
[INFO][2017-09-25 10:59:13][org.ozen.core.listener.Listener]:55 - IP地址为：0:0:0:0:0:0:0:1请求/ozen/resources/images/o.ico
[INFO][2017-09-25 10:59:13][org.ozen.core.listener.Listener]:61 - 0:0:0:0:0:0:0:1请求结束，耗时：5毫秒
[INFO][2017-09-25 10:59:19][org.ozen.core.listener.Listener]:55 - IP地址为：0:0:0:0:0:0:0:1请求/ozen/login
[INFO][2017-09-25 10:59:20][org.ozen.core.listener.Listener]:61 - 0:0:0:0:0:0:0:1请求结束，耗时：1153毫秒
[INFO][2017-09-25 10:59:20][org.ozen.core.listener.Listener]:55 - IP地址为：0:0:0:0:0:0:0:1请求/ozen/pages/index.jsp
[INFO][2017-09-25 10:59:20][org.ozen.core.listener.Listener]:61 - 0:0:0:0:0:0:0:1请求结束，耗时：60毫秒
[INFO][2017-09-25 10:59:20][org.ozen.core.listener.Listener]:55 - IP地址为：0:0:0:0:0:0:0:1请求/ozen/resources/css/index.css
[INFO][2017-09-25 10:59:20][org.ozen.core.listener.Listener]:61 - 0:0:0:0:0:0:0:1请求结束，耗时：10毫秒
[INFO][2017-09-25 10:59:20][org.ozen.core.listener.Listener]:55 - IP地址为：0:0:0:0:0:0:0:1请求/ozen/resources/images/banner_top.jpg
[INFO][2017-09-25 10:59:20][org.ozen.core.listener.Listener]:55 - IP地址为：0:0:0:0:0:0:0:1请求/ozen/resources/images/weather_bg.jpg
[INFO][2017-09-25 10:59:20][org.ozen.core.listener.Listener]:55 - IP地址为：0:0:0:0:0:0:0:1请求/ozen/resources/images/photos.jpg
[INFO][2017-09-25 10:59:20][org.ozen.core.listener.Listener]:61 - 0:0:0:0:0:0:0:1请求结束，耗时：4毫秒
[INFO][2017-09-25 10:59:20][org.ozen.core.listener.Listener]:61 - 0:0:0:0:0:0:0:1请求结束，耗时：16毫秒
[INFO][2017-09-25 10:59:20][org.ozen.core.listener.Listener]:55 - IP地址为：0:0:0:0:0:0:0:1请求/ozen/resources/images/li.jpg
[INFO][2017-09-25 10:59:20][org.ozen.core.listener.Listener]:61 - 0:0:0:0:0:0:0:1请求结束，耗时：4毫秒
[INFO][2017-09-25 10:59:20][org.ozen.core.listener.Listener]:61 - 0:0:0:0:0:0:0:1请求结束，耗时：38毫秒
[INFO][2017-09-25 10:59:20][org.ozen.core.listener.Listener]:55 - IP地址为：0:0:0:0:0:0:0:1请求/ozen/resources/css/images/backtop.png
[INFO][2017-09-25 10:59:20][org.ozen.core.listener.Listener]:55 - IP地址为：0:0:0:0:0:0:0:1请求/ozen/resources/images/r_title_bg.jpg
[INFO][2017-09-25 10:59:20][org.ozen.core.listener.Listener]:55 - IP地址为：0:0:0:0:0:0:0:1请求/ozen/resources/images/r_line.jpg
[INFO][2017-09-25 10:59:20][org.ozen.core.listener.Listener]:61 - 0:0:0:0:0:0:0:1请求结束，耗时：7毫秒
[INFO][2017-09-25 10:59:20][org.ozen.core.listener.Listener]:55 - IP地址为：0:0:0:0:0:0:0:1请求/ozen/resources/images/h_line.jpg
[INFO][2017-09-25 10:59:20][org.ozen.core.listener.Listener]:55 - IP地址为：0:0:0:0:0:0:0:1请求/ozen/resources/images/weixin.jpg
[INFO][2017-09-25 10:59:20][org.ozen.core.listener.Listener]:61 - 0:0:0:0:0:0:0:1请求结束，耗时：8毫秒
[INFO][2017-09-25 10:59:20][org.ozen.core.listener.Listener]:55 - IP地址为：0:0:0:0:0:0:0:1请求/ozen/resources/images/ph.jpg
[INFO][2017-09-25 10:59:20][org.ozen.core.listener.Listener]:61 - 0:0:0:0:0:0:0:1请求结束，耗时：7毫秒
[INFO][2017-09-25 10:59:20][org.ozen.core.listener.Listener]:61 - 0:0:0:0:0:0:0:1请求结束，耗时：17毫秒
[INFO][2017-09-25 10:59:20][org.ozen.core.listener.Listener]:61 - 0:0:0:0:0:0:0:1请求结束，耗时：18毫秒
[INFO][2017-09-25 10:59:20][org.ozen.core.listener.Listener]:61 - 0:0:0:0:0:0:0:1请求结束，耗时：49毫秒
[INFO][2017-09-25 10:59:23][org.ozen.core.listener.Listener]:55 - IP地址为：0:0:0:0:0:0:0:1请求/ozen/about
[INFO][2017-09-25 10:59:23][org.ozen.core.listener.Listener]:61 - 0:0:0:0:0:0:0:1请求结束，耗时：63毫秒
[INFO][2017-09-25 10:59:23][org.ozen.core.listener.Listener]:55 - IP地址为：0:0:0:0:0:0:0:1请求/ozen/resources/css/about.css
[INFO][2017-09-25 10:59:23][org.ozen.core.listener.Listener]:61 - 0:0:0:0:0:0:0:1请求结束，耗时：7毫秒
[INFO][2017-09-25 10:59:23][org.ozen.core.listener.Listener]:55 - IP地址为：0:0:0:0:0:0:0:1请求/ozen/resources/js/external.js
[INFO][2017-09-25 10:59:23][org.ozen.core.listener.Listener]:61 - 0:0:0:0:0:0:0:1请求结束，耗时：4毫秒
[INFO][2017-09-25 10:59:23][org.ozen.core.listener.Listener]:55 - IP地址为：0:0:0:0:0:0:0:1请求/ozen/resources/images/aboutphoto.jpg
[INFO][2017-09-25 10:59:23][org.ozen.core.listener.Listener]:61 - 0:0:0:0:0:0:0:1请求结束，耗时：7毫秒
[INFO][2017-09-25 10:59:23][org.ozen.core.listener.Listener]:55 - IP地址为：0:0:0:0:0:0:0:1请求/ozen/resources/css/images/backtop.png
[INFO][2017-09-25 10:59:23][org.ozen.core.listener.Listener]:55 - IP地址为：0:0:0:0:0:0:0:1请求/ozen/resources/bootstrap/fonts/glyphicons-halflings-regular.woff
[INFO][2017-09-25 10:59:23][org.ozen.core.listener.Listener]:61 - 0:0:0:0:0:0:0:1请求结束，耗时：4毫秒
[INFO][2017-09-25 10:59:23][org.ozen.core.listener.Listener]:61 - 0:0:0:0:0:0:0:1请求结束，耗时：14毫秒
[INFO][2017-09-25 10:59:41][org.ozen.core.listener.Listener]:55 - IP地址为：0:0:0:0:0:0:0:1请求/ozen/bill/add
[INFO][2017-09-25 10:59:41][org.ozen.core.listener.Listener]:61 - 0:0:0:0:0:0:0:1请求结束，耗时：133毫秒
[INFO][2017-09-25 11:05:51][org.springframework.web.servlet.DispatcherServlet]:479 - FrameworkServlet 'SpringMVC': initialization started
[INFO][2017-09-25 11:05:51][org.springframework.web.context.support.XmlWebApplicationContext]:513 - Refreshing WebApplicationContext for namespace 'SpringMVC-servlet': startup date [Mon Sep 25 11:05:51 CST 2017]; parent: Root WebApplicationContext
[INFO][2017-09-25 11:05:51][org.springframework.beans.factory.xml.XmlBeanDefinitionReader]:316 - Loading XML bean definitions from class path resource [spring-mvc.xml]
[INFO][2017-09-25 11:05:52][org.springframework.web.servlet.mvc.method.annotation.RequestMappingHandlerMapping]:182 - Mapped "{[/receiveFile],methods=[],params=[],headers=[],consumes=[],produces=[],custom=[]}" onto public void org.ozen.core.file.FileController.receiveFile(org.springframework.web.multipart.MultipartHttpServletRequest,javax.servlet.http.HttpServletRequest,javax.servlet.http.HttpServletResponse)
[INFO][2017-09-25 11:05:52][org.springframework.web.servlet.mvc.method.annotation.RequestMappingHandlerMapping]:182 - Mapped "{[/about],methods=[],params=[],headers=[],consumes=[],produces=[],custom=[]}" onto public org.springframework.web.servlet.ModelAndView org.ozen.front.controller.AboutController.index(org.springframework.ui.Model)
[INFO][2017-09-25 11:05:52][org.springframework.web.servlet.mvc.method.annotation.RequestMappingHandlerMapping]:182 - Mapped "{[/login],methods=[POST],params=[],headers=[],consumes=[],produces=[],custom=[]}" onto public org.ozen.front.entity.TbUser org.ozen.front.controller.FrontLoginController.login(org.ozen.front.entity.TbUser,javax.servlet.http.HttpSession)
[INFO][2017-09-25 11:05:52][org.springframework.web.servlet.mvc.method.annotation.RequestMappingHandlerMapping]:182 - Mapped "{[/add],methods=[POST],params=[],headers=[],consumes=[],produces=[],custom=[]}" onto public void org.ozen.front.controller.FrontLoginController.login(org.ozen.front.entity.TbUser)
[INFO][2017-09-25 11:05:52][org.springframework.web.servlet.mvc.method.annotation.RequestMappingHandlerMapping]:182 - Mapped "{[/logout],methods=[],params=[],headers=[],consumes=[],produces=[],custom=[]}" onto public java.lang.String org.ozen.front.controller.FrontLoginController.logout(javax.servlet.http.HttpServletRequest)
[INFO][2017-09-25 11:05:52][org.springframework.web.servlet.mvc.method.annotation.RequestMappingHandlerMapping]:182 - Mapped "{[/index],methods=[],params=[],headers=[],consumes=[],produces=[],custom=[]}" onto public org.springframework.web.servlet.ModelAndView org.ozen.front.controller.IndexController.index(org.springframework.ui.Model,javax.servlet.http.HttpServletRequest)
[INFO][2017-09-25 11:05:52][org.springframework.web.servlet.mvc.method.annotation.RequestMappingHandlerMapping]:182 - Mapped "{[/mood],methods=[],params=[],headers=[],consumes=[],produces=[],custom=[]}" onto public org.springframework.web.servlet.ModelAndView org.ozen.front.controller.MoodController.moodList(org.springframework.ui.Model,javax.servlet.http.HttpServletRequest)
[INFO][2017-09-25 11:05:52][org.springframework.web.servlet.mvc.method.annotation.RequestMappingHandlerMapping]:182 - Mapped "{[/bill/add],methods=[POST],params=[],headers=[],consumes=[],produces=[],custom=[]}" onto public java.util.Map<java.lang.String, java.lang.Object> org.ozen.front.controller.BaseController.add(org.ozen.front.entity.TbUser,java.util.Map<java.lang.String, java.lang.Object>)
[INFO][2017-09-25 11:05:53][org.springframework.web.servlet.handler.SimpleUrlHandlerMapping]:315 - Mapped URL path [/**] onto handler 'org.springframework.web.servlet.resource.DefaultServletHttpRequestHandler#0'
[INFO][2017-09-25 11:05:53][org.springframework.web.servlet.handler.SimpleUrlHandlerMapping]:315 - Mapped URL path [/resources/**] onto handler 'org.springframework.web.servlet.resource.ResourceHttpRequestHandler#0'
[INFO][2017-09-25 11:05:53][org.springframework.web.servlet.handler.SimpleUrlHandlerMapping]:315 - Mapped URL path [/assets/**] onto handler 'org.springframework.web.servlet.resource.ResourceHttpRequestHandler#1'
[INFO][2017-09-25 11:05:53][org.springframework.web.servlet.handler.SimpleUrlHandlerMapping]:315 - Mapped URL path [/pages/**] onto handler 'org.springframework.web.servlet.resource.ResourceHttpRequestHandler#2'
[INFO][2017-09-25 11:05:53][org.springframework.web.servlet.DispatcherServlet]:498 - FrameworkServlet 'SpringMVC': initialization completed in 1964 ms
[INFO][2017-09-25 11:06:04][org.ozen.core.listener.Listener]:55 - IP地址为：0:0:0:0:0:0:0:1请求/ozen/pages/login.jsp
[INFO][2017-09-25 11:06:04][org.ozen.core.listener.Listener]:24 - 新建的session的ID为：E6877A051C60A5F638987CC187994E30
[INFO][2017-09-25 11:06:04][org.ozen.core.listener.Listener]:61 - 0:0:0:0:0:0:0:1请求结束，耗时：419毫秒
[INFO][2017-09-25 11:06:04][org.ozen.core.listener.Listener]:55 - IP地址为：0:0:0:0:0:0:0:1请求/ozen/resources/bootstrap/css/bootstrap.min.css
[INFO][2017-09-25 11:06:04][org.ozen.core.listener.Listener]:55 - IP地址为：0:0:0:0:0:0:0:1请求/ozen/resources/bootstrap/css/bootstrap.css
[INFO][2017-09-25 11:06:04][org.ozen.core.listener.Listener]:55 - IP地址为：0:0:0:0:0:0:0:1请求/ozen/resources/css/login.css
[INFO][2017-09-25 11:06:04][org.ozen.core.listener.Listener]:55 - IP地址为：0:0:0:0:0:0:0:1请求/ozen/resources/js/jquery.1.11.3.min.js
[INFO][2017-09-25 11:06:04][org.ozen.core.listener.Listener]:55 - IP地址为：0:0:0:0:0:0:0:1请求/ozen/resources/css/base.css
[INFO][2017-09-25 11:06:04][org.ozen.core.listener.Listener]:61 - 0:0:0:0:0:0:0:1请求结束，耗时：39毫秒
[INFO][2017-09-25 11:06:04][org.ozen.core.listener.Listener]:61 - 0:0:0:0:0:0:0:1请求结束，耗时：43毫秒
[INFO][2017-09-25 11:06:04][org.ozen.core.listener.Listener]:61 - 0:0:0:0:0:0:0:1请求结束，耗时：55毫秒
[INFO][2017-09-25 11:06:04][org.ozen.core.listener.Listener]:61 - 0:0:0:0:0:0:0:1请求结束，耗时：81毫秒
[INFO][2017-09-25 11:06:04][org.ozen.core.listener.Listener]:61 - 0:0:0:0:0:0:0:1请求结束，耗时：105毫秒
[INFO][2017-09-25 11:06:04][org.ozen.core.listener.Listener]:55 - IP地址为：0:0:0:0:0:0:0:1请求/ozen/resources/css/images/backtop.png
[INFO][2017-09-25 11:06:04][org.ozen.core.listener.Listener]:55 - IP地址为：0:0:0:0:0:0:0:1请求/ozen/resources/images/ozen-logo.png
[INFO][2017-09-25 11:06:04][org.ozen.core.listener.Listener]:61 - 0:0:0:0:0:0:0:1请求结束，耗时：14毫秒
[INFO][2017-09-25 11:06:04][org.ozen.core.listener.Listener]:61 - 0:0:0:0:0:0:0:1请求结束，耗时：49毫秒
[INFO][2017-09-25 11:06:05][org.ozen.core.listener.Listener]:55 - IP地址为：0:0:0:0:0:0:0:1请求/ozen/pages/dateTime.html
[INFO][2017-09-25 11:06:05][org.ozen.core.listener.Listener]:61 - 0:0:0:0:0:0:0:1请求结束，耗时：4毫秒
[INFO][2017-09-25 11:06:05][org.ozen.core.listener.Listener]:55 - IP地址为：0:0:0:0:0:0:0:1请求/ozen/resources/images/o.ico
[INFO][2017-09-25 11:06:05][org.ozen.core.listener.Listener]:61 - 0:0:0:0:0:0:0:1请求结束，耗时：4毫秒
[INFO][2017-09-25 11:06:13][org.ozen.core.listener.Listener]:55 - IP地址为：0:0:0:0:0:0:0:1请求/ozen/login
[INFO][2017-09-25 11:06:14][org.ozen.core.listener.Listener]:61 - 0:0:0:0:0:0:0:1请求结束，耗时：612毫秒
[INFO][2017-09-25 11:06:14][org.ozen.core.listener.Listener]:55 - IP地址为：0:0:0:0:0:0:0:1请求/ozen/pages/index.jsp
[INFO][2017-09-25 11:06:14][org.ozen.core.listener.Listener]:61 - 0:0:0:0:0:0:0:1请求结束，耗时：55毫秒
[INFO][2017-09-25 11:06:14][org.ozen.core.listener.Listener]:55 - IP地址为：0:0:0:0:0:0:0:1请求/ozen/resources/css/index.css
[INFO][2017-09-25 11:06:14][org.ozen.core.listener.Listener]:61 - 0:0:0:0:0:0:0:1请求结束，耗时：9毫秒
[INFO][2017-09-25 11:06:14][org.ozen.core.listener.Listener]:55 - IP地址为：0:0:0:0:0:0:0:1请求/ozen/resources/images/banner_top.jpg
[INFO][2017-09-25 11:06:14][org.ozen.core.listener.Listener]:55 - IP地址为：0:0:0:0:0:0:0:1请求/ozen/resources/images/photos.jpg
[INFO][2017-09-25 11:06:14][org.ozen.core.listener.Listener]:55 - IP地址为：0:0:0:0:0:0:0:1请求/ozen/resources/images/h_line.jpg
[INFO][2017-09-25 11:06:14][org.ozen.core.listener.Listener]:61 - 0:0:0:0:0:0:0:1请求结束，耗时：4毫秒
[INFO][2017-09-25 11:06:14][org.ozen.core.listener.Listener]:55 - IP地址为：0:0:0:0:0:0:0:1请求/ozen/resources/images/r_line.jpg
[INFO][2017-09-25 11:06:14][org.ozen.core.listener.Listener]:55 - IP地址为：0:0:0:0:0:0:0:1请求/ozen/resources/images/weather_bg.jpg
[INFO][2017-09-25 11:06:14][org.ozen.core.listener.Listener]:61 - 0:0:0:0:0:0:0:1请求结束，耗时：10毫秒
[INFO][2017-09-25 11:06:14][org.ozen.core.listener.Listener]:61 - 0:0:0:0:0:0:0:1请求结束，耗时：5毫秒
[INFO][2017-09-25 11:06:14][org.ozen.core.listener.Listener]:61 - 0:0:0:0:0:0:0:1请求结束，耗时：33毫秒
[INFO][2017-09-25 11:06:14][org.ozen.core.listener.Listener]:55 - IP地址为：0:0:0:0:0:0:0:1请求/ozen/resources/images/r_title_bg.jpg
[INFO][2017-09-25 11:06:14][org.ozen.core.listener.Listener]:55 - IP地址为：0:0:0:0:0:0:0:1请求/ozen/resources/images/li.jpg
[INFO][2017-09-25 11:06:14][org.ozen.core.listener.Listener]:61 - 0:0:0:0:0:0:0:1请求结束，耗时：40毫秒
[INFO][2017-09-25 11:06:14][org.ozen.core.listener.Listener]:55 - IP地址为：0:0:0:0:0:0:0:1请求/ozen/resources/css/images/backtop.png
[INFO][2017-09-25 11:06:14][org.ozen.core.listener.Listener]:55 - IP地址为：0:0:0:0:0:0:0:1请求/ozen/resources/images/weixin.jpg
[INFO][2017-09-25 11:06:14][org.ozen.core.listener.Listener]:61 - 0:0:0:0:0:0:0:1请求结束，耗时：18毫秒
[INFO][2017-09-25 11:06:14][org.ozen.core.listener.Listener]:61 - 0:0:0:0:0:0:0:1请求结束，耗时：5毫秒
[INFO][2017-09-25 11:06:14][org.ozen.core.listener.Listener]:55 - IP地址为：0:0:0:0:0:0:0:1请求/ozen/resources/images/ph.jpg
[INFO][2017-09-25 11:06:14][org.ozen.core.listener.Listener]:61 - 0:0:0:0:0:0:0:1请求结束，耗时：4毫秒
[INFO][2017-09-25 11:06:14][org.ozen.core.listener.Listener]:61 - 0:0:0:0:0:0:0:1请求结束，耗时：16毫秒
[INFO][2017-09-25 11:06:14][org.ozen.core.listener.Listener]:61 - 0:0:0:0:0:0:0:1请求结束，耗时：32毫秒
[INFO][2017-09-25 11:06:16][org.ozen.core.listener.Listener]:55 - IP地址为：0:0:0:0:0:0:0:1请求/ozen/about
[INFO][2017-09-25 11:06:16][org.ozen.core.listener.Listener]:61 - 0:0:0:0:0:0:0:1请求结束，耗时：48毫秒
[INFO][2017-09-25 11:06:16][org.ozen.core.listener.Listener]:55 - IP地址为：0:0:0:0:0:0:0:1请求/ozen/resources/js/external.js
[INFO][2017-09-25 11:06:16][org.ozen.core.listener.Listener]:55 - IP地址为：0:0:0:0:0:0:0:1请求/ozen/resources/css/about.css
[INFO][2017-09-25 11:06:16][org.ozen.core.listener.Listener]:61 - 0:0:0:0:0:0:0:1请求结束，耗时：3毫秒
[INFO][2017-09-25 11:06:16][org.ozen.core.listener.Listener]:61 - 0:0:0:0:0:0:0:1请求结束，耗时：2毫秒
[INFO][2017-09-25 11:06:16][org.ozen.core.listener.Listener]:55 - IP地址为：0:0:0:0:0:0:0:1请求/ozen/resources/css/images/backtop.png
[INFO][2017-09-25 11:06:16][org.ozen.core.listener.Listener]:55 - IP地址为：0:0:0:0:0:0:0:1请求/ozen/resources/bootstrap/fonts/glyphicons-halflings-regular.woff
[INFO][2017-09-25 11:06:16][org.ozen.core.listener.Listener]:55 - IP地址为：0:0:0:0:0:0:0:1请求/ozen/resources/images/aboutphoto.jpg
[INFO][2017-09-25 11:06:16][org.ozen.core.listener.Listener]:61 - 0:0:0:0:0:0:0:1请求结束，耗时：6毫秒
[INFO][2017-09-25 11:06:16][org.ozen.core.listener.Listener]:61 - 0:0:0:0:0:0:0:1请求结束，耗时：8毫秒
[INFO][2017-09-25 11:06:16][org.ozen.core.listener.Listener]:61 - 0:0:0:0:0:0:0:1请求结束，耗时：8毫秒
[INFO][2017-09-25 11:06:28][org.ozen.core.listener.Listener]:55 - IP地址为：0:0:0:0:0:0:0:1请求/ozen/bill/add
[INFO][2017-09-25 11:06:28][org.ozen.core.listener.Listener]:61 - 0:0:0:0:0:0:0:1请求结束，耗时：67毫秒
[INFO][2017-09-25 11:08:44][org.ozen.core.listener.Listener]:55 - IP地址为：0:0:0:0:0:0:0:1请求/ozen/bill/add
[INFO][2017-09-25 11:08:44][org.ozen.core.listener.Listener]:61 - 0:0:0:0:0:0:0:1请求结束，耗时：71毫秒
[INFO][2017-09-25 11:12:19][org.ozen.core.listener.Listener]:55 - IP地址为：0:0:0:0:0:0:0:1请求/ozen/bill/add
[INFO][2017-09-25 11:12:19][org.ozen.core.listener.Listener]:61 - 0:0:0:0:0:0:0:1请求结束，耗时：15毫秒
[INFO][2017-09-25 11:14:36][org.springframework.web.servlet.DispatcherServlet]:479 - FrameworkServlet 'SpringMVC': initialization started
[INFO][2017-09-25 11:14:36][org.springframework.web.context.support.XmlWebApplicationContext]:513 - Refreshing WebApplicationContext for namespace 'SpringMVC-servlet': startup date [Mon Sep 25 11:14:36 CST 2017]; parent: Root WebApplicationContext
[INFO][2017-09-25 11:14:36][org.springframework.beans.factory.xml.XmlBeanDefinitionReader]:316 - Loading XML bean definitions from class path resource [spring-mvc.xml]
[INFO][2017-09-25 11:14:37][org.springframework.web.servlet.mvc.method.annotation.RequestMappingHandlerMapping]:182 - Mapped "{[/receiveFile],methods=[],params=[],headers=[],consumes=[],produces=[],custom=[]}" onto public void org.ozen.core.file.FileController.receiveFile(org.springframework.web.multipart.MultipartHttpServletRequest,javax.servlet.http.HttpServletRequest,javax.servlet.http.HttpServletResponse)
[INFO][2017-09-25 11:14:37][org.springframework.web.servlet.mvc.method.annotation.RequestMappingHandlerMapping]:182 - Mapped "{[/about],methods=[],params=[],headers=[],consumes=[],produces=[],custom=[]}" onto public org.springframework.web.servlet.ModelAndView org.ozen.front.controller.AboutController.index(org.springframework.ui.Model)
[INFO][2017-09-25 11:14:37][org.springframework.web.servlet.mvc.method.annotation.RequestMappingHandlerMapping]:182 - Mapped "{[/login],methods=[POST],params=[],headers=[],consumes=[],produces=[],custom=[]}" onto public org.ozen.front.entity.TbUser org.ozen.front.controller.FrontLoginController.login(org.ozen.front.entity.TbUser,javax.servlet.http.HttpSession)
[INFO][2017-09-25 11:14:37][org.springframework.web.servlet.mvc.method.annotation.RequestMappingHandlerMapping]:182 - Mapped "{[/add],methods=[POST],params=[],headers=[],consumes=[],produces=[],custom=[]}" onto public void org.ozen.front.controller.FrontLoginController.login(org.ozen.front.entity.TbUser)
[INFO][2017-09-25 11:14:37][org.springframework.web.servlet.mvc.method.annotation.RequestMappingHandlerMapping]:182 - Mapped "{[/logout],methods=[],params=[],headers=[],consumes=[],produces=[],custom=[]}" onto public java.lang.String org.ozen.front.controller.FrontLoginController.logout(javax.servlet.http.HttpServletRequest)
[INFO][2017-09-25 11:14:37][org.springframework.web.servlet.mvc.method.annotation.RequestMappingHandlerMapping]:182 - Mapped "{[/index],methods=[],params=[],headers=[],consumes=[],produces=[],custom=[]}" onto public org.springframework.web.servlet.ModelAndView org.ozen.front.controller.IndexController.index(org.springframework.ui.Model,javax.servlet.http.HttpServletRequest)
[INFO][2017-09-25 11:14:37][org.springframework.web.servlet.mvc.method.annotation.RequestMappingHandlerMapping]:182 - Mapped "{[/mood],methods=[],params=[],headers=[],consumes=[],produces=[],custom=[]}" onto public org.springframework.web.servlet.ModelAndView org.ozen.front.controller.MoodController.moodList(org.springframework.ui.Model,javax.servlet.http.HttpServletRequest)
[INFO][2017-09-25 11:14:37][org.springframework.web.servlet.mvc.method.annotation.RequestMappingHandlerMapping]:182 - Mapped "{[/bill/add],methods=[POST],params=[],headers=[],consumes=[],produces=[],custom=[]}" onto public java.util.Map<java.lang.String, java.lang.Object> org.ozen.front.controller.BaseController.add(org.ozen.front.entity.TbUser,java.util.Map<java.lang.String, java.lang.Object>)
[INFO][2017-09-25 11:14:38][org.springframework.web.servlet.handler.SimpleUrlHandlerMapping]:315 - Mapped URL path [/**] onto handler 'org.springframework.web.servlet.resource.DefaultServletHttpRequestHandler#0'
[INFO][2017-09-25 11:14:38][org.springframework.web.servlet.handler.SimpleUrlHandlerMapping]:315 - Mapped URL path [/resources/**] onto handler 'org.springframework.web.servlet.resource.ResourceHttpRequestHandler#0'
[INFO][2017-09-25 11:14:38][org.springframework.web.servlet.handler.SimpleUrlHandlerMapping]:315 - Mapped URL path [/assets/**] onto handler 'org.springframework.web.servlet.resource.ResourceHttpRequestHandler#1'
[INFO][2017-09-25 11:14:38][org.springframework.web.servlet.handler.SimpleUrlHandlerMapping]:315 - Mapped URL path [/pages/**] onto handler 'org.springframework.web.servlet.resource.ResourceHttpRequestHandler#2'
[INFO][2017-09-25 11:14:38][org.springframework.web.servlet.DispatcherServlet]:498 - FrameworkServlet 'SpringMVC': initialization completed in 1637 ms
[INFO][2017-09-25 11:14:48][org.ozen.core.listener.Listener]:55 - IP地址为：0:0:0:0:0:0:0:1请求/ozen/
[INFO][2017-09-25 11:14:48][org.ozen.core.listener.Listener]:61 - 0:0:0:0:0:0:0:1请求结束，耗时：228毫秒
[INFO][2017-09-25 11:14:48][org.ozen.core.listener.Listener]:55 - IP地址为：0:0:0:0:0:0:0:1请求/ozen/pages/login.jsp
[INFO][2017-09-25 11:14:48][org.ozen.core.listener.Listener]:24 - 新建的session的ID为：828A41433F4730A34C2298D521BDB3C0
[INFO][2017-09-25 11:14:48][org.ozen.core.listener.Listener]:61 - 0:0:0:0:0:0:0:1请求结束，耗时：138毫秒
[INFO][2017-09-25 11:14:48][org.ozen.core.listener.Listener]:55 - IP地址为：0:0:0:0:0:0:0:1请求/ozen/resources/css/images/backtop.png
[INFO][2017-09-25 11:14:48][org.ozen.core.listener.Listener]:61 - 0:0:0:0:0:0:0:1请求结束，耗时：122毫秒
[INFO][2017-09-25 11:14:50][org.ozen.core.listener.Listener]:55 - IP地址为：0:0:0:0:0:0:0:1请求/ozen/login
[INFO][2017-09-25 11:14:51][org.ozen.core.listener.Listener]:61 - 0:0:0:0:0:0:0:1请求结束，耗时：587毫秒
[INFO][2017-09-25 11:14:51][org.ozen.core.listener.Listener]:55 - IP地址为：0:0:0:0:0:0:0:1请求/ozen/pages/index.jsp
[INFO][2017-09-25 11:14:51][org.ozen.core.listener.Listener]:61 - 0:0:0:0:0:0:0:1请求结束，耗时：42毫秒
[INFO][2017-09-25 11:14:51][org.ozen.core.listener.Listener]:55 - IP地址为：0:0:0:0:0:0:0:1请求/ozen/resources/css/images/backtop.png
[INFO][2017-09-25 11:14:51][org.ozen.core.listener.Listener]:61 - 0:0:0:0:0:0:0:1请求结束，耗时：6毫秒
[INFO][2017-09-25 11:14:52][org.ozen.core.listener.Listener]:55 - IP地址为：0:0:0:0:0:0:0:1请求/ozen/about
[INFO][2017-09-25 11:14:52][org.ozen.core.listener.Listener]:61 - 0:0:0:0:0:0:0:1请求结束，耗时：34毫秒
[INFO][2017-09-25 11:14:52][org.ozen.core.listener.Listener]:55 - IP地址为：0:0:0:0:0:0:0:1请求/ozen/resources/js/external.js
[INFO][2017-09-25 11:14:52][org.ozen.core.listener.Listener]:61 - 0:0:0:0:0:0:0:1请求结束，耗时：30毫秒
[INFO][2017-09-25 11:14:52][org.ozen.core.listener.Listener]:55 - IP地址为：0:0:0:0:0:0:0:1请求/ozen/resources/css/images/backtop.png
[INFO][2017-09-25 11:14:52][org.ozen.core.listener.Listener]:61 - 0:0:0:0:0:0:0:1请求结束，耗时：5毫秒
[INFO][2017-09-25 11:15:15][org.ozen.core.listener.Listener]:55 - IP地址为：0:0:0:0:0:0:0:1请求/ozen/bill/add
[INFO][2017-09-25 11:15:15][org.ozen.core.listener.Listener]:61 - 0:0:0:0:0:0:0:1请求结束，耗时：50毫秒
[INFO][2017-09-25 11:18:18][org.ozen.core.listener.Listener]:55 - IP地址为：0:0:0:0:0:0:0:1请求/ozen/bill/add
[INFO][2017-09-25 11:18:18][org.springframework.web.servlet.mvc.method.annotation.RequestMappingHandlerMapping]:182 - Mapped "{[/receiveFile],methods=[],params=[],headers=[],consumes=[],produces=[],custom=[]}" onto public void org.ozen.core.file.FileController.receiveFile(org.springframework.web.multipart.MultipartHttpServletRequest,javax.servlet.http.HttpServletRequest,javax.servlet.http.HttpServletResponse)
[INFO][2017-09-25 11:18:18][org.springframework.web.servlet.mvc.method.annotation.RequestMappingHandlerMapping]:182 - Mapped "{[/about],methods=[],params=[],headers=[],consumes=[],produces=[],custom=[]}" onto public org.springframework.web.servlet.ModelAndView org.ozen.front.controller.AboutController.index(org.springframework.ui.Model)
[INFO][2017-09-25 11:18:18][org.springframework.web.servlet.mvc.method.annotation.RequestMappingHandlerMapping]:182 - Mapped "{[/login],methods=[POST],params=[],headers=[],consumes=[],produces=[],custom=[]}" onto public org.ozen.front.entity.TbUser org.ozen.front.controller.FrontLoginController.login(org.ozen.front.entity.TbUser,javax.servlet.http.HttpSession)
[INFO][2017-09-25 11:18:18][org.springframework.web.servlet.mvc.method.annotation.RequestMappingHandlerMapping]:182 - Mapped "{[/add],methods=[POST],params=[],headers=[],consumes=[],produces=[],custom=[]}" onto public void org.ozen.front.controller.FrontLoginController.login(org.ozen.front.entity.TbUser)
[INFO][2017-09-25 11:18:18][org.springframework.web.servlet.mvc.method.annotation.RequestMappingHandlerMapping]:182 - Mapped "{[/logout],methods=[],params=[],headers=[],consumes=[],produces=[],custom=[]}" onto public java.lang.String org.ozen.front.controller.FrontLoginController.logout(javax.servlet.http.HttpServletRequest)
[INFO][2017-09-25 11:18:18][org.springframework.web.servlet.mvc.method.annotation.RequestMappingHandlerMapping]:182 - Mapped "{[/index],methods=[],params=[],headers=[],consumes=[],produces=[],custom=[]}" onto public org.springframework.web.servlet.ModelAndView org.ozen.front.controller.IndexController.index(org.springframework.ui.Model,javax.servlet.http.HttpServletRequest)
[INFO][2017-09-25 11:18:18][org.springframework.web.servlet.mvc.method.annotation.RequestMappingHandlerMapping]:182 - Mapped "{[/mood],methods=[],params=[],headers=[],consumes=[],produces=[],custom=[]}" onto public org.springframework.web.servlet.ModelAndView org.ozen.front.controller.MoodController.moodList(org.springframework.ui.Model,javax.servlet.http.HttpServletRequest)
[INFO][2017-09-25 11:18:18][org.springframework.web.servlet.mvc.method.annotation.RequestMappingHandlerMapping]:182 - Mapped "{[/bill/add],methods=[POST],params=[],headers=[],consumes=[],produces=[],custom=[]}" onto public java.util.Map<java.lang.String, java.lang.Object> org.ozen.front.controller.BaseController.add(org.ozen.front.entity.TbUser,java.util.Map<java.lang.String, java.lang.Object>)
[INFO][2017-09-25 11:18:18][org.ozen.core.listener.Listener]:61 - 0:0:0:0:0:0:0:1请求结束，耗时：217毫秒
